[23-Sep-2017 01:18:07 Asia/Calcutta] PHP Notice:  Undefined property: stdClass::$error in /home/tier5/WebProjects/opengraph-io-php/src/OpenGraph/OpenGraphRequest.php on line 40
[23-Sep-2017 01:18:07 Asia/Calcutta] PHP Stack trace:
[23-Sep-2017 01:18:07 Asia/Calcutta] PHP   1. {main}() /home/tier5/WebProjects/opengraph-io-php/src/index.php:0
[23-Sep-2017 01:18:07 Asia/Calcutta] PHP   2. OpenGraph\OpenGraphClient->fetch() /home/tier5/WebProjects/opengraph-io-php/src/index.php:12
[23-Sep-2017 01:18:07 Asia/Calcutta] PHP   3. OpenGraph\OpenGraphRequest->request() /home/tier5/WebProjects/opengraph-io-php/src/OpenGraph/OpenGraphClient.php:94
[23-Sep-2017 01:18:07 Asia/Calcutta] PHP Notice:  Trying to get property of non-object in /home/tier5/WebProjects/opengraph-io-php/src/OpenGraph/OpenGraphRequest.php on line 40
[23-Sep-2017 01:18:07 Asia/Calcutta] PHP Stack trace:
[23-Sep-2017 01:18:07 Asia/Calcutta] PHP   1. {main}() /home/tier5/WebProjects/opengraph-io-php/src/index.php:0
[23-Sep-2017 01:18:07 Asia/Calcutta] PHP   2. OpenGraph\OpenGraphClient->fetch() /home/tier5/WebProjects/opengraph-io-php/src/index.php:12
[23-Sep-2017 01:18:07 Asia/Calcutta] PHP   3. OpenGraph\OpenGraphRequest->request() /home/tier5/WebProjects/opengraph-io-php/src/OpenGraph/OpenGraphClient.php:94
[23-Sep-2017 01:18:07 Asia/Calcutta] PHP Notice:  Undefined property: stdClass::$_v in /home/tier5/WebProjects/opengraph-io-php/src/OpenGraph/OpenGraphResponse.php on line 105
[23-Sep-2017 01:18:07 Asia/Calcutta] PHP Stack trace:
[23-Sep-2017 01:18:07 Asia/Calcutta] PHP   1. {main}() /home/tier5/WebProjects/opengraph-io-php/src/index.php:0
[23-Sep-2017 01:18:07 Asia/Calcutta] PHP   2. OpenGraph\OpenGraphClient->fetch() /home/tier5/WebProjects/opengraph-io-php/src/index.php:12
[23-Sep-2017 01:18:07 Asia/Calcutta] PHP   3. OpenGraph\OpenGraphRequest->request() /home/tier5/WebProjects/opengraph-io-php/src/OpenGraph/OpenGraphClient.php:94
[23-Sep-2017 01:18:07 Asia/Calcutta] PHP   4. OpenGraph\OpenGraphResponse->__construct() /home/tier5/WebProjects/opengraph-io-php/src/OpenGraph/OpenGraphRequest.php:43
[23-Sep-2017 01:18:07 Asia/Calcutta] PHP Notice:  Undefined property: stdClass::$favicon in /home/tier5/WebProjects/opengraph-io-php/src/OpenGraph/HybridGraph.php on line 78
[23-Sep-2017 01:18:07 Asia/Calcutta] PHP Stack trace:
[23-Sep-2017 01:18:07 Asia/Calcutta] PHP   1. {main}() /home/tier5/WebProjects/opengraph-io-php/src/index.php:0
[23-Sep-2017 01:18:07 Asia/Calcutta] PHP   2. OpenGraph\OpenGraphClient->fetch() /home/tier5/WebProjects/opengraph-io-php/src/index.php:12
[23-Sep-2017 01:18:07 Asia/Calcutta] PHP   3. OpenGraph\OpenGraphRequest->request() /home/tier5/WebProjects/opengraph-io-php/src/OpenGraph/OpenGraphClient.php:94
[23-Sep-2017 01:18:07 Asia/Calcutta] PHP   4. OpenGraph\OpenGraphResponse->__construct() /home/tier5/WebProjects/opengraph-io-php/src/OpenGraph/OpenGraphRequest.php:43
[23-Sep-2017 01:18:07 Asia/Calcutta] PHP   5. OpenGraph\HybridGraph->__construct() /home/tier5/WebProjects/opengraph-io-php/src/OpenGraph/OpenGraphResponse.php:107
[23-Sep-2017 01:18:07 Asia/Calcutta] PHP Notice:  Undefined property: stdClass::$error in /home/tier5/WebProjects/opengraph-io-php/src/OpenGraph/OpenGraph.php on line 81
[23-Sep-2017 01:18:07 Asia/Calcutta] PHP Stack trace:
[23-Sep-2017 01:18:07 Asia/Calcutta] PHP   1. {main}() /home/tier5/WebProjects/opengraph-io-php/src/index.php:0
[23-Sep-2017 01:18:07 Asia/Calcutta] PHP   2. OpenGraph\OpenGraphClient->fetch() /home/tier5/WebProjects/opengraph-io-php/src/index.php:12
[23-Sep-2017 01:18:07 Asia/Calcutta] PHP   3. OpenGraph\OpenGraphRequest->request() /home/tier5/WebProjects/opengraph-io-php/src/OpenGraph/OpenGraphClient.php:94
[23-Sep-2017 01:18:07 Asia/Calcutta] PHP   4. OpenGraph\OpenGraphResponse->__construct() /home/tier5/WebProjects/opengraph-io-php/src/OpenGraph/OpenGraphRequest.php:43
[23-Sep-2017 01:18:07 Asia/Calcutta] PHP   5. OpenGraph\OpenGraph->__construct() /home/tier5/WebProjects/opengraph-io-php/src/OpenGraph/OpenGraphResponse.php:108
[23-Sep-2017 01:18:07 Asia/Calcutta] PHP Notice:  Undefined property: stdClass::$admins in /home/tier5/WebProjects/opengraph-io-php/src/OpenGraph/OpenGraph.php on line 84
[23-Sep-2017 01:18:07 Asia/Calcutta] PHP Stack trace:
[23-Sep-2017 01:18:07 Asia/Calcutta] PHP   1. {main}() /home/tier5/WebProjects/opengraph-io-php/src/index.php:0
[23-Sep-2017 01:18:07 Asia/Calcutta] PHP   2. OpenGraph\OpenGraphClient->fetch() /home/tier5/WebProjects/opengraph-io-php/src/index.php:12
[23-Sep-2017 01:18:07 Asia/Calcutta] PHP   3. OpenGraph\OpenGraphRequest->request() /home/tier5/WebProjects/opengraph-io-php/src/OpenGraph/OpenGraphClient.php:94
[23-Sep-2017 01:18:07 Asia/Calcutta] PHP   4. OpenGraph\OpenGraphResponse->__construct() /home/tier5/WebProjects/opengraph-io-php/src/OpenGraph/OpenGraphRequest.php:43
[23-Sep-2017 01:18:07 Asia/Calcutta] PHP   5. OpenGraph\OpenGraph->__construct() /home/tier5/WebProjects/opengraph-io-php/src/OpenGraph/OpenGraphResponse.php:108
[23-Sep-2017 01:18:07 Asia/Calcutta] PHP Notice:  Undefined property: stdClass::$favicon in /home/tier5/WebProjects/opengraph-io-php/src/OpenGraph/HtmlInferred.php on line 85
[23-Sep-2017 01:18:07 Asia/Calcutta] PHP Stack trace:
[23-Sep-2017 01:18:07 Asia/Calcutta] PHP   1. {main}() /home/tier5/WebProjects/opengraph-io-php/src/index.php:0
[23-Sep-2017 01:18:07 Asia/Calcutta] PHP   2. OpenGraph\OpenGraphClient->fetch() /home/tier5/WebProjects/opengraph-io-php/src/index.php:12
[23-Sep-2017 01:18:07 Asia/Calcutta] PHP   3. OpenGraph\OpenGraphRequest->request() /home/tier5/WebProjects/opengraph-io-php/src/OpenGraph/OpenGraphClient.php:94
[23-Sep-2017 01:18:07 Asia/Calcutta] PHP   4. OpenGraph\OpenGraphResponse->__construct() /home/tier5/WebProjects/opengraph-io-php/src/OpenGraph/OpenGraphRequest.php:43
[23-Sep-2017 01:18:07 Asia/Calcutta] PHP   5. OpenGraph\HtmlInferred->__construct() /home/tier5/WebProjects/opengraph-io-php/src/OpenGraph/OpenGraphResponse.php:109
[23-Sep-2017 01:18:07 Asia/Calcutta] PHP Notice:  Undefined property: stdClass::$image_guess in /home/tier5/WebProjects/opengraph-io-php/src/OpenGraph/HtmlInferred.php on line 88
[23-Sep-2017 01:18:07 Asia/Calcutta] PHP Stack trace:
[23-Sep-2017 01:18:07 Asia/Calcutta] PHP   1. {main}() /home/tier5/WebProjects/opengraph-io-php/src/index.php:0
[23-Sep-2017 01:18:07 Asia/Calcutta] PHP   2. OpenGraph\OpenGraphClient->fetch() /home/tier5/WebProjects/opengraph-io-php/src/index.php:12
[23-Sep-2017 01:18:07 Asia/Calcutta] PHP   3. OpenGraph\OpenGraphRequest->request() /home/tier5/WebProjects/opengraph-io-php/src/OpenGraph/OpenGraphClient.php:94
[23-Sep-2017 01:18:07 Asia/Calcutta] PHP   4. OpenGraph\OpenGraphResponse->__construct() /home/tier5/WebProjects/opengraph-io-php/src/OpenGraph/OpenGraphRequest.php:43
[23-Sep-2017 01:18:07 Asia/Calcutta] PHP   5. OpenGraph\HtmlInferred->__construct() /home/tier5/WebProjects/opengraph-io-php/src/OpenGraph/OpenGraphResponse.php:109
